TN:
SF:/Users/newblord007/wcci/code/slow-food/front-end/js/utils/html.js
FN:1,(anonymous_0)
FN:7,(anonymous_1)
FN:12,(anonymous_2)
FN:20,(anonymous_3)
FN:32,(anonymous_4)
FN:39,(anonymous_5)
FN:43,(anonymous_6)
FNF:7
FNH:7
FNDA:17,(anonymous_0)
FNDA:6,(anonymous_1)
FNDA:6,(anonymous_2)
FNDA:17,(anonymous_3)
FNDA:1,(anonymous_4)
FNDA:16,(anonymous_5)
FNDA:1,(anonymous_6)
DA:2,17
DA:8,6
DA:9,6
DA:13,6
DA:14,1
DA:16,5
DA:17,5
DA:21,17
DA:22,1
DA:24,16
DA:25,16
DA:26,1
DA:28,15
DA:29,15
DA:33,1
DA:34,1
DA:36,1
DA:40,16
DA:45,1
DA:46,1
DA:47,2
DA:48,2
LF:22
LH:22
BRDA:13,0,0,1
BRDA:13,0,1,5
BRDA:21,1,0,1
BRDA:21,1,1,16
BRDA:25,2,0,1
BRDA:25,2,1,15
BRF:6
BRH:6
end_of_record
