TN:
SF:C:\Users\kchen\OneDrive\Documents\WCCI\code\slow-food\front-end\js\utils\html.js
FN:1,(anonymous_0)
FN:6,(anonymous_1)
FN:18,(anonymous_2)
FN:26,(anonymous_3)
FN:31,(anonymous_4)
FNF:5
FNH:5
FNDA:10,(anonymous_0)
FNDA:10,(anonymous_1)
FNDA:3,(anonymous_2)
FNDA:1,(anonymous_3)
FNDA:6,(anonymous_4)
DA:2,10
DA:7,10
DA:8,1
DA:10,9
DA:11,9
DA:12,1
DA:14,8
DA:15,8
DA:19,3
DA:20,1
DA:22,2
DA:23,2
DA:27,1
DA:28,1
DA:32,6
LF:15
LH:15
BRDA:7,0,0,1
BRDA:7,0,1,9
BRDA:11,1,0,1
BRDA:11,1,1,8
BRDA:19,2,0,1
BRDA:19,2,1,2
BRF:6
BRH:6
end_of_record
